This is pdfTeX, Version 3.1415926-2.5-1.40.14 (TeX Live 2013/Arch Linux) (format=pdflatex 2014.4.6)  29 APR 2014 23:47
entering extended mode
 restricted \write18 enabled.
 %&-line parsing enabled.
**report.tex
(./report.tex
LaTeX2e <2011/06/27>
Babel <3.9h> and hyphenation patterns for 78 languages loaded.
(/usr/share/texmf-dist/tex/latex/base/article.cls
Document Class: article 2007/10/19 v1.4h Standard LaTeX document class
(/usr/share/texmf-dist/tex/latex/base/size12.clo
File: size12.clo 2007/10/19 v1.4h Standard LaTeX file (size option)
)
\c@part=\count79
\c@section=\count80
\c@subsection=\count81
\c@subsubsection=\count82
\c@paragraph=\count83
\c@subparagraph=\count84
\c@figure=\count85
\c@table=\count86
\abovecaptionskip=\skip41
\belowcaptionskip=\skip42
\bibindent=\dimen102
)
(/usr/share/texmf-dist/tex/latex/tools/xspace.sty
Package: xspace 2009/10/20 v1.13 Space after command names (DPC,MH)
)
(/usr/share/texmf-dist/tex/latex/graphics/graphicx.sty
Package: graphicx 1999/02/16 v1.0f Enhanced LaTeX Graphics (DPC,SPQR)

(/usr/share/texmf-dist/tex/latex/graphics/keyval.sty
Package: keyval 1999/03/16 v1.13 key=value parser (DPC)
\KV@toks@=\toks14
)
(/usr/share/texmf-dist/tex/latex/graphics/graphics.sty
Package: graphics 2009/02/05 v1.0o Standard LaTeX Graphics (DPC,SPQR)

(/usr/share/texmf-dist/tex/latex/graphics/trig.sty
Package: trig 1999/03/16 v1.09 sin cos tan (DPC)
)
(/usr/share/texmf-dist/tex/latex/latexconfig/graphics.cfg
File: graphics.cfg 2010/04/23 v1.9 graphics configuration of TeX Live
)
Package graphics Info: Driver file: pdftex.def on input line 91.

(/usr/share/texmf-dist/tex/latex/pdftex-def/pdftex.def
File: pdftex.def 2011/05/27 v0.06d Graphics/color for pdfTeX

(/usr/share/texmf-dist/tex/generic/oberdiek/infwarerr.sty
Package: infwarerr 2010/04/08 v1.3 Providing info/warning/error messages (HO)
)
(/usr/share/texmf-dist/tex/generic/oberdiek/ltxcmds.sty
Package: ltxcmds 2011/11/09 v1.22 LaTeX kernel commands for general use (HO)
)
\Gread@gobject=\count87
))
\Gin@req@height=\dimen103
\Gin@req@width=\dimen104
) (./report.aux)
\openout1 = `report.aux'.

LaTeX Font Info:    Checking defaults for OML/cmm/m/it on input line 31.
LaTeX Font Info:    ... okay on input line 31.
LaTeX Font Info:    Checking defaults for T1/cmr/m/n on input line 31.
LaTeX Font Info:    ... okay on input line 31.
LaTeX Font Info:    Checking defaults for OT1/cmr/m/n on input line 31.
LaTeX Font Info:    ... okay on input line 31.
LaTeX Font Info:    Checking defaults for OMS/cmsy/m/n on input line 31.
LaTeX Font Info:    ... okay on input line 31.
LaTeX Font Info:    Checking defaults for OMX/cmex/m/n on input line 31.
LaTeX Font Info:    ... okay on input line 31.
LaTeX Font Info:    Checking defaults for U/cmr/m/n on input line 31.
LaTeX Font Info:    ... okay on input line 31.

(/usr/share/texmf-dist/tex/context/base/supp-pdf.mkii
[Loading MPS to PDF converter (version 2006.09.02).]
\scratchcounter=\count88
\scratchdimen=\dimen105
\scratchbox=\box26
\nofMPsegments=\count89
\nofMParguments=\count90
\everyMPshowfont=\toks15
\MPscratchCnt=\count91
\MPscratchDim=\dimen106
\MPnumerator=\count92
\makeMPintoPDFobject=\count93
\everyMPtoPDFconversion=\toks16
) (/usr/share/texmf-dist/tex/generic/oberdiek/pdftexcmds.sty
Package: pdftexcmds 2011/11/29 v0.20 Utility functions of pdfTeX for LuaTeX (HO
)

(/usr/share/texmf-dist/tex/generic/oberdiek/ifluatex.sty
Package: ifluatex 2010/03/01 v1.3 Provides the ifluatex switch (HO)
Package ifluatex Info: LuaTeX not detected.
)
(/usr/share/texmf-dist/tex/generic/oberdiek/ifpdf.sty
Package: ifpdf 2011/01/30 v2.3 Provides the ifpdf switch (HO)
Package ifpdf Info: pdfTeX in PDF mode is detected.
)
Package pdftexcmds Info: LuaTeX not detected.
Package pdftexcmds Info: \pdf@primitive is available.
Package pdftexcmds Info: \pdf@ifprimitive is available.
Package pdftexcmds Info: \pdfdraftmode found.
)
(/usr/share/texmf-dist/tex/latex/oberdiek/epstopdf-base.sty
Package: epstopdf-base 2010/02/09 v2.5 Base part for package epstopdf

(/usr/share/texmf-dist/tex/latex/oberdiek/grfext.sty
Package: grfext 2010/08/19 v1.1 Manage graphics extensions (HO)

(/usr/share/texmf-dist/tex/generic/oberdiek/kvdefinekeys.sty
Package: kvdefinekeys 2011/04/07 v1.3 Define keys (HO)
))
(/usr/share/texmf-dist/tex/latex/oberdiek/kvoptions.sty
Package: kvoptions 2011/06/30 v3.11 Key value format for package options (HO)

(/usr/share/texmf-dist/tex/generic/oberdiek/kvsetkeys.sty
Package: kvsetkeys 2012/04/25 v1.16 Key value parser (HO)

(/usr/share/texmf-dist/tex/generic/oberdiek/etexcmds.sty
Package: etexcmds 2011/02/16 v1.5 Avoid name clashes with e-TeX commands (HO)
Package etexcmds Info: Could not find \expanded.
(etexcmds)             That can mean that you are not using pdfTeX 1.50 or
(etexcmds)             that some package has redefined \expanded.
(etexcmds)             In the latter case, load this package earlier.
)))
Package grfext Info: Graphics extension search list:
(grfext)             [.png,.pdf,.jpg,.mps,.jpeg,.jbig2,.jb2,.PNG,.PDF,.JPG,.JPE
G,.JBIG2,.JB2,.eps]
(grfext)             \AppendGraphicsExtensions on input line 452.

(/usr/share/texmf-dist/tex/latex/latexconfig/epstopdf-sys.cfg
File: epstopdf-sys.cfg 2010/07/13 v1.3 Configuration of (r)epstopdf for TeX Liv
e
))
LaTeX Font Info:    External font `cmex10' loaded for size
(Font)              <14.4> on input line 32.
LaTeX Font Info:    External font `cmex10' loaded for size
(Font)              <7> on input line 32.
 [1

{/var/lib/texmf/fonts/map/pdftex/updmap/pdftex.map}] [2] [3]
<images/AVDisk.pdf, id=18, 731.73375pt x 488.82625pt>
File: images/AVDisk.pdf Graphic file (type pdf)
 <use images/AVDisk.pdf>
Package pdftex.def Info: images/AVDisk.pdf used on input line 111.
(pdftex.def)             Requested size: 292.68831pt x 195.52702pt.


LaTeX Warning: `h' float specifier changed to `ht'.

<images/VDiskHeader.pdf, id=19, 707.64375pt x 144.54pt>
File: images/VDiskHeader.pdf Graphic file (type pdf)

<use images/VDiskHeader.pdf>
Package pdftex.def Info: images/VDiskHeader.pdf used on input line 122.
(pdftex.def)             Requested size: 424.58952pt x 86.72466pt.

Overfull \hbox (34.58952pt too wide) in paragraph at lines 122--123
 [] 
 []


LaTeX Warning: `!h' float specifier changed to `!ht'.

<images/SuperBlock.pdf, id=20, 275.0275pt x 213.79875pt>
File: images/SuperBlock.pdf Graphic file (type pdf)

<use images/SuperBlock.pdf>
Package pdftex.def Info: images/SuperBlock.pdf used on input line 130.
(pdftex.def)             Requested size: 137.51341pt x 106.89911pt.


LaTeX Warning: `!h' float specifier changed to `!ht'.

<images/BitMapBlock.pdf, id=21, 458.71375pt x 313.17pt>
File: images/BitMapBlock.pdf Graphic file (type pdf)

<use images/BitMapBlock.pdf>
Package pdftex.def Info: images/BitMapBlock.pdf used on input line 138.
(pdftex.def)             Requested size: 229.35631pt x 156.58461pt.


LaTeX Warning: `!h' float specifier changed to `!ht'.

<images/Blocks.pdf, id=22, 825.0825pt x 849.1725pt>
File: images/Blocks.pdf Graphic file (type pdf)
 <use images/Blocks.pdf>
Package pdftex.def Info: images/Blocks.pdf used on input line 148.
(pdftex.def)             Requested size: 247.52666pt x 254.75371pt.


LaTeX Warning: `!h' float specifier changed to `!ht'.


Overfull \hbox (0.15157pt too wide) in paragraph at lines 156--158
\OT1/cmr/m/n/12 Used to cre-ate new in-stances of \OT1/cmtt/m/n/12 DirectoryBlo
ck\OT1/cmr/m/n/12 , \OT1/cmtt/m/n/12 FileBlock \OT1/cmr/m/n/12 and \OT1/cmtt/m/
n/12 DataBlock\OT1/cmr/m/n/12 . 
 []

[4] [5 <./images/AVDisk.pdf> <./images/VDiskHeader.pdf

pdfTeX warning: pdflatex (file ./images/VDiskHeader.pdf): PDF inclusion: multip
le pdfs with page group included in a single page
> <./images/SuperBlock.pdf

pdfTeX warning: pdflatex (file ./images/SuperBlock.pdf): PDF inclusion: multipl
e pdfs with page group included in a single page
>] [6 <./images/BitMapBlock.pdf> <./images/Blocks.pdf

pdfTeX warning: pdflatex (file ./images/Blocks.pdf): PDF inclusion: multiple pd
fs with page group included in a single page
>]
LaTeX Font Info:    Try loading font information for OMS+cmr on input line 180.

 (/usr/share/texmf-dist/tex/latex/base/omscmr.fd
File: omscmr.fd 1999/05/25 v2.5h Standard LaTeX font definitions
)
LaTeX Font Info:    Font shape `OMS/cmr/m/n' in size <12> not available
(Font)              Font shape `OMS/cmsy/m/n' tried instead on input line 180.
 [7]
LaTeX Font Info:    External font `cmex10' loaded for size
(Font)              <12> on input line 256.
LaTeX Font Info:    External font `cmex10' loaded for size
(Font)              <8> on input line 256.
LaTeX Font Info:    External font `cmex10' loaded for size
(Font)              <6> on input line 256.

Overfull \hbox (29.9002pt too wide) detected at line 261
[]
 []


Underfull \hbox (badness 10000) in paragraph at lines 266--267

 []


Underfull \hbox (badness 10000) in paragraph at lines 266--267

 []


Underfull \hbox (badness 10000) in paragraph at lines 266--267

 []

[8] (./report.aux) ) 
Here is how much of TeX's memory you used:
 1574 strings out of 493308
 22387 string characters out of 6143617
 81989 words of memory out of 5000000
 5029 multiletter control sequences out of 15000+600000
 9683 words of font info for 34 fonts, out of 8000000 for 9000
 957 hyphenation exceptions out of 8191
 37i,7n,23p,531b,252s stack positions out of 5000i,500n,10000p,200000b,80000s
</usr/share/texmf-dist/fonts/type1/public/amsfonts/cm/cmbx1
2.pfb></usr/share/texmf-dist/fonts/type1/public/amsfonts/cm/cmbxti10.pfb></usr/
share/texmf-dist/fonts/type1/public/amsfonts/cm/cmr12.pfb></usr/share/texmf-dis
t/fonts/type1/public/amsfonts/cm/cmr17.pfb></usr/share/texmf-dist/fonts/type1/p
ublic/amsfonts/cm/cmsy10.pfb></usr/share/texmf-dist/fonts/type1/public/amsfonts
/cm/cmti12.pfb></usr/share/texmf-dist/fonts/type1/public/amsfonts/cm/cmtt12.pfb
>
Output written on report.pdf (8 pages, 244868 bytes).
PDF statistics:
 134 PDF objects out of 1000 (max. 8388607)
 95 compressed objects within 1 object stream
 0 named destinations out of 1000 (max. 500000)
 26 words of extra memory for PDF output out of 10000 (max. 10000000)

